0	1	mikroCPIC32.exe -MSF -DBG -pP32MZ2048EFH100 -RA -LHF -DL -SSA -EBASE 0x9FC01000 -INTDEF MV_SRS7_IS32 -O11111114 -fo200 -N"C:\Users\cfan\Dropbox\Dave's\Mikroc32\Pic32MZClicker2_Projects\StepperControl\Pic32mzClicker2_StepperControl.mcp32" -SP"C:\Users\Public\Documents\Mikroelektronika\mikroC PRO for PIC32\Defs\" -SP"C:\Users\Public\Documents\Mikroelektronika\mikroC PRO for PIC32\Uses\" -SP"C:\Users\cfan\Dropbox\Dave's\Mikroc32\Pic32MZClicker2_Projects\StepperControl\" -SP"C:\Users\Public\Documents\Mikroelektronika\mikroC PRO for PIC32\Packages\I2C_Lcd\Uses\" -IP"C:\Users\Public\Documents\Mikroelektronika\mikroC PRO for PIC32\Uses\" -IP"C:\Users\cfan\Dropbox\Dave's\Mikroc32\Pic32MZClicker2_Projects\StepperControl\" -IP"C:\Users\Public\Documents\Mikroelektronika\mikroC PRO for PIC32\Packages\I2C_Lcd\Uses\" "Main.c" "Config.c" "Stepper.c" "Steptodistance.c" "__Lib_CP0.emcl" "__Lib_Math.emcl" "__Lib_MathDouble_MZ_EF.emcl" "__Lib_System_MZ_EF.emcl" "__Lib_SoftResetDma.emcl" "__Lib_Delays.emcl" "__Lib_CType.emcl" "__Lib_CString.emcl" "__Lib_CStdlib_EF.emcl" "__Lib_CMath_EF.emcl" "__Lib_Conversions_EF.emcl" "__Lib_Sprintf_EF.emcl" "__Lib_Sprinti.emcl" "__Lib_Sprintl.emcl" "__Lib_I2C_12345_MZ.emcl" "__Lib_UART_123456_MZ.emcl" "__Lib_PPS_P32MZ_100CAN.emcl" "I2C_LCD.emcl"	 
diagnostics: 0	122	Compilation Started	P32MZ2048EFH100.c
diagnostics: 65825	123	Compiled Successfully	P32MZ2048EFH100.c
diagnostics: 0	122	Compilation Started	__Lib_Delays.c
diagnostics: 176	123	Compiled Successfully	__Lib_Delays.c
diagnostics: 0	122	Compilation Started	i2c_lcd.h
hint: 10	1163	Variable 'dummy' has been declared, but not used	I2C_LCD.c
diagnostics: 154	123	Compiled Successfully	I2C_LCD.c
hint: 10	1164	Variable 'S' has been eliminated by optimizer	I2C_LCD.c
diagnostics: 0	122	Compilation Started	config.h
hint: 0	1004	interrupt handler (Timer6Interrupt at 0x001C)	Main.c
hint: 0	1004	interrupt handler (Timer7Interrupt at 0x0020)	Main.c
hint: 0	1004	interrupt handler (Timer8Interrupt at 0x0024)	Main.c
hint: 0	1004	interrupt handler (uart2_Rx_interrupt at 0x0092)	Main.c
hint: 0	1004	interrupt handler (DMA_CH0_ISR at 0x0086)	Main.c
hint: 80	1163	Variable 'A' has been declared, but not used	Main.c
hint: 81	1163	Variable 'ptr' has been declared, but not used	Main.c
hint: 0	1004	interrupt handler (DMA_CH1_ISR at 0x0087)	Main.c
hint: 111	1163	Variable 'ptrAdd' has been declared, but not used	Main.c
hint: 0	1004	interrupt handler (StepX at 0x0011)	Main.c
hint: 0	1004	interrupt handler (StepY at 0x001F)	Main.c
hint: 148	1163	Variable 'j' has been declared, but not used	Main.c
diagnostics: 258	123	Compiled Successfully	Main.c
hint: 110	1164	Variable 'ptr' has been eliminated by optimizer	Main.c
diagnostics: 0	122	Compilation Started	config.h
diagnostics: 356	123	Compiled Successfully	Config.c
diagnostics: 0	122	Compilation Started	stepper.h
hint: 105	1163	Variable 'ii' has been declared, but not used	Stepper.c
hint: 214	1163	Variable 'i' has been declared, but not used	Stepper.c
diagnostics: 433	123	Compiled Successfully	Stepper.c
diagnostics: 0	122	Compilation Started	steptodistance.h
diagnostics: 22	123	Compiled Successfully	Steptodistance.c
hint: 9	1164	Variable 'circ' has been eliminated by optimizer	Steptodistance.c
hint: 9	1164	Variable 'cirDivision' has been eliminated by optimizer	Steptodistance.c
hint: 9	1164	Variable 'stepsToMove' has been eliminated by optimizer	Steptodistance.c
diagnostics: 0	127	All files Compiled in 609 ms	 
hint: 0	1144	Used RX: 21 (66%)   Free RX: 11 (34%)	Used RX: 21 (66%)   Free RX: 11 (34%)
hint: 0	1144	Static RAM (bytes): 314   Dynamic RAM (bytes): 515569	Static RAM (bytes): 314   Dynamic RAM (bytes): 515569
hint: 0	1144	Used ROM (bytes): 29709 (1%)  Free ROM (bytes): 2067443 (99%)	Used ROM (bytes): 29709 (1%)  Free ROM (bytes): 2067443 (99%)
hint: 0	1144	Used BOOTROM (bytes): 784 (1%)  Free BOOTROM (bytes): 146227 (99%)	Used BOOTROM (bytes): 784 (1%)  Free BOOTROM (bytes): 146227 (99%)
diagnostics: 0	125	Project Linked Successfully	Pic32mzClicker2_StepperControl.mcp32
diagnostics: 0	128	Linked in 609 ms	 
diagnostics: 0	129	Project 'Pic32mzClicker2_StepperControl.mcp32' completed: 3000 ms	 
diagnostics: 0	103	Finished successfully: 23 Jan 2020, 06:32:13	Pic32mzClicker2_StepperControl.mcp32
